<?xml version="1.0" encoding="UTF-8"?>
<!-- Generated by org.testng.reporters.JUnitReportReporter -->
<testsuite hostname="DESKTOP-PT84KK4" failures="0" tests="1" name="testDataSample.Resources_Test" time="3.377" errors="0" timestamp="2022-12-07T17:46:11 IST" skipped="0">
  <testcase classname="testDataSample.Resources_Test" name="resources" time="3.377"/>
  <system-out/>
</testsuite> <!-- testDataSample.Resources_Test -->
