<?xml version="1.0" encoding="UTF-8"?>
<!-- Generated by org.testng.reporters.JUnitReportReporter -->
<testsuite hostname="DESKTOP-PT84KK4" failures="0" tests="1" name="testDataSample.fb_Test" time="0.094" errors="0" timestamp="2022-12-07T17:42:04 IST" skipped="0">
  <testcase classname="testDataSample.fb_Test" name="FB" time="0.094"/>
  <system-out/>
</testsuite> <!-- testDataSample.fb_Test -->
