<?xml version="1.0" encoding="UTF-8"?>
<!-- Generated by org.testng.reporters.JUnitReportReporter -->
<testsuite hostname="DESKTOP-PT84KK4" failures="0" tests="1" name="testDataSample.Motorcycledataprovider" time="14.435" errors="0" timestamp="2022-12-02T13:38:07 IST" skipped="0">
  <testcase classname="testDataSample.Motorcycledataprovider" name="registerUser" time="14.435"/>
  <system-out/>
</testsuite> <!-- testDataSample.Motorcycledataprovider -->
