<?xml version="1.0" encoding="UTF-8"?>
<!-- Generated by org.testng.reporters.JUnitReportReporter -->
<testsuite hostname="DESKTOP-PT84KK4" failures="0" tests="1" name="testDataSample.Campordataprovider" time="18.597" errors="0" timestamp="2022-12-06T15:58:38 IST" skipped="0">
  <testcase classname="testDataSample.Campordataprovider" name="CamperInsurance" time="18.597"/>
  <system-out/>
</testsuite> <!-- testDataSample.Campordataprovider -->
