<?xml version="1.0" encoding="UTF-8"?>
<!-- Generated by org.testng.reporters.JUnitReportReporter -->
<testsuite hostname="DESKTOP-PT84KK4" failures="0" tests="1" name="testDataSample.Products_Test" time="3.904" errors="0" timestamp="2022-12-07T17:44:16 IST" skipped="0">
  <testcase classname="testDataSample.Products_Test" name="assertproducts" time="3.904"/>
  <system-out/>
</testsuite> <!-- testDataSample.Products_Test -->
