<?xml version="1.0" encoding="UTF-8"?>
<!-- Generated by org.testng.reporters.JUnitReportReporter -->
<testsuite hostname="DESKTOP-PT84KK4" failures="0" tests="1" name="org.automation.element_repository.Truckdataprovider$TruckdataProvider" time="0.000" errors="0" timestamp="2022-12-02T12:51:56 IST" skipped="1">
  <testcase classname="org.automation.element_repository.Truckdataprovider$TruckdataProvider" name="truckInsurance" time="0.000">
    <skipped/>
  </testcase> <!-- truckInsurance -->
  <system-out/>
</testsuite> <!-- org.automation.element_repository.Truckdataprovider$TruckdataProvider -->
