<?xml version="1.0" encoding="UTF-8"?>
<!-- Generated by org.testng.reporters.JUnitReportReporter -->
<testsuite hostname="DESKTOP-PT84KK4" failures="0" tests="1" name="testDataSample.Motor_cycle" time="1.362" errors="0" timestamp="2022-12-07T17:43:55 IST" skipped="0">
  <testcase classname="testDataSample.Motor_cycle" name="motor" time="1.362"/>
  <system-out/>
</testsuite> <!-- testDataSample.Motor_cycle -->
