<?xml version="1.0" encoding="UTF-8"?>
<!-- Generated by org.testng.reporters.JUnitReportReporter -->
<testsuite hostname="DESKTOP-PT84KK4" failures="0" tests="1" name="testCaseSample.TC_SampleTestCase_Test" time="9.961" errors="0" timestamp="2022-11-30T10:09:25 IST" skipped="0">
  <testcase classname="testCaseSample.TC_SampleTestCase_Test" name="sample" time="9.961"/>
  <system-out/>
</testsuite> <!-- testCaseSample.TC_SampleTestCase_Test -->
