<?xml version="1.0" encoding="UTF-8"?>
<!-- Generated by org.testng.reporters.JUnitReportReporter -->
<testsuite hostname="DESKTOP-PT84KK4" failures="0" tests="1" name="testDataSample.campor" time="1.702" errors="0" timestamp="2022-12-07T17:41:27 IST" skipped="0">
  <testcase classname="testDataSample.campor" name="campor" time="1.702"/>
  <system-out/>
</testsuite> <!-- testDataSample.campor -->
