<?xml version="1.0" encoding="UTF-8"?>
<!-- Generated by org.testng.reporters.JUnitReportReporter -->
<testsuite hostname="DESKTOP-PT84KK4" failures="0" tests="1" name="testDataSample.Automobiledataprovider" time="16.007" errors="0" timestamp="2022-12-07T17:32:35 IST" skipped="0">
  <testcase classname="testDataSample.Automobiledataprovider" name="automobileInsurance" time="16.007"/>
  <system-out/>
</testsuite> <!-- testDataSample.Automobiledataprovider -->
