<?xml version="1.0" encoding="UTF-8"?>
<!-- Generated by org.testng.reporters.JUnitReportReporter -->
<testsuite hostname="DESKTOP-PT84KK4" failures="0" tests="5" name="testDataSample.SampleDataProvider" time="62.797" errors="0" timestamp="2022-11-30T10:08:53 IST" skipped="0">
  <testcase classname="testDataSample.SampleDataProvider" name="registerUser" time="9.264"/>
  <system-out/>
  <testcase classname="testDataSample.SampleDataProvider" name="registerUser" time="9.172"/>
  <system-out/>
  <testcase classname="testDataSample.SampleDataProvider" name="registerUser" time="11.771"/>
  <system-out/>
  <testcase classname="testDataSample.SampleDataProvider" name="registerUser" time="8.670"/>
  <system-out/>
  <testcase classname="testDataSample.SampleDataProvider" name="registerUser" time="23.920"/>
  <system-out/>
</testsuite> <!-- testDataSample.SampleDataProvider -->
