<?xml version="1.0" encoding="UTF-8"?>
<!-- Generated by org.testng.reporters.JUnitReportReporter -->
<testsuite hostname="DESKTOP-PT84KK4" failures="0" tests="1" name="testDataSample.Truck" time="1.390" errors="0" timestamp="2022-12-07T17:47:46 IST" skipped="0">
  <testcase classname="testDataSample.Truck" name="A" time="1.390"/>
  <system-out/>
</testsuite> <!-- testDataSample.Truck -->
