<?xml version="1.0" encoding="UTF-8"?>
<!-- Generated by org.testng.reporters.JUnitReportReporter -->
<testsuite hostname="DESKTOP-PT84KK4" failures="0" tests="1" name="testDataSample.Truckdataprovider$TruckdataProvider" time="14.420" errors="0" timestamp="2022-12-02T13:31:26 IST" skipped="0">
  <testcase classname="testDataSample.Truckdataprovider$TruckdataProvider" name="truckInsurance" time="14.420"/>
  <system-out/>
</testsuite> <!-- testDataSample.Truckdataprovider$TruckdataProvider -->
