<?xml version="1.0" encoding="UTF-8"?>
<!-- Generated by org.testng.reporters.JUnitReportReporter -->
<testsuite hostname="DESKTOP-PT84KK4" failures="0" tests="1" name="testDataSample.Auto_mobile" time="1.102" errors="0" timestamp="2022-12-07T17:40:52 IST" skipped="0">
  <testcase classname="testDataSample.Auto_mobile" name="auto" time="1.102"/>
  <system-out/>
</testsuite> <!-- testDataSample.Auto_mobile -->
