<?xml version="1.0" encoding="UTF-8"?>
<!-- Generated by org.testng.reporters.JUnitReportReporter -->
<testsuite hostname="DESKTOP-PT84KK4" failures="0" tests="1" name="testDataSample.Services_Test" time="5.977" errors="0" timestamp="2022-12-07T17:46:50 IST" skipped="0">
  <testcase classname="testDataSample.Services_Test" name="services" time="5.977"/>
  <system-out/>
</testsuite> <!-- testDataSample.Services_Test -->
