<?xml version="1.0" encoding="UTF-8"?>
<!-- Generated by org.testng.reporters.JUnitReportReporter -->
<testsuite hostname="DESKTOP-PT84KK4" failures="0" tests="1" name="testDataSample.search_support$Search_key" time="0.381" errors="0" timestamp="2022-12-07T17:46:28 IST" skipped="0">
  <testcase classname="testDataSample.search_support$Search_key" name="A" time="0.381"/>
  <system-out/>
</testsuite> <!-- testDataSample.search_support$Search_key -->
