<?xml version="1.0" encoding="UTF-8"?>
<!-- Generated by org.testng.reporters.JUnitReportReporter -->
<testsuite hostname="DESKTOP-PT84KK4" failures="0" tests="1" name="testDataSample.Events_Test" time="2.705" errors="0" timestamp="2022-12-07T17:41:48 IST" skipped="0">
  <testcase classname="testDataSample.Events_Test" name="events" time="2.705"/>
  <system-out/>
</testsuite> <!-- testDataSample.Events_Test -->
