<?xml version="1.0" encoding="UTF-8"?>
<!-- Generated by org.testng.reporters.JUnitReportReporter -->
<testsuite hostname="DESKTOP-PT84KK4" failures="0" tests="1" name="testDataSample.visit_support" time="0.208" errors="0" timestamp="2022-12-07T17:48:08 IST" skipped="0">
  <testcase classname="testDataSample.visit_support" name="A" time="0.208"/>
  <system-out/>
</testsuite> <!-- testDataSample.visit_support -->
